2025-10-12 15:06:15 - INFO  - c.e.H.controller.UserControllerTest - Starting UserControllerTest using Java 25 with PID 20284 (started by bodun in W:\Aston\Homework4)
2025-10-12 15:06:15 - DEBUG - c.e.H.controller.UserControllerTest - Running with Spring Boot v3.5.6, Spring v6.2.11
2025-10-12 15:06:15 - INFO  - c.e.H.controller.UserControllerTest - No active profile set, falling back to 1 default profile: "default"
2025-10-12 15:06:16 - INFO  - o.s.b.t.m.w.SpringBootMockServletContext - Initializing Spring TestDispatcherServlet ''
2025-10-12 15:06:16 - INFO  - o.s.t.w.s.TestDispatcherServlet - Initializing Servlet ''
2025-10-12 15:06:16 - INFO  - o.s.t.w.s.TestDispatcherServlet - Completed initialization in 1 ms
2025-10-12 15:06:16 - INFO  - c.e.H.controller.UserControllerTest - Started UserControllerTest in 1.835 seconds (process running for 2.867)
2025-10-12 15:06:16 - INFO  - c.e.H.controller.UserController - Get /api/users/1
2025-10-12 15:08:42 - INFO  - c.e.H.controller.UserControllerTest - Starting UserControllerTest using Java 25 with PID 19924 (started by bodun in W:\Aston\Homework4)
2025-10-12 15:08:42 - DEBUG - c.e.H.controller.UserControllerTest - Running with Spring Boot v3.5.6, Spring v6.2.11
2025-10-12 15:08:42 - INFO  - c.e.H.controller.UserControllerTest - No active profile set, falling back to 1 default profile: "default"
2025-10-12 15:08:43 - INFO  - o.s.b.t.m.w.SpringBootMockServletContext - Initializing Spring TestDispatcherServlet ''
2025-10-12 15:08:43 - INFO  - o.s.t.w.s.TestDispatcherServlet - Initializing Servlet ''
2025-10-12 15:08:43 - INFO  - o.s.t.w.s.TestDispatcherServlet - Completed initialization in 1 ms
2025-10-12 15:08:43 - INFO  - c.e.H.controller.UserControllerTest - Started UserControllerTest in 1.819 seconds (process running for 2.828)
2025-10-12 15:08:43 - INFO  - c.e.H.controller.UserController - Get /api/users/1
2025-10-12 15:08:50 - INFO  - c.e.H.controller.UserControllerTest - Starting UserControllerTest using Java 25 with PID 21616 (started by bodun in W:\Aston\Homework4)
2025-10-12 15:08:50 - DEBUG - c.e.H.controller.UserControllerTest - Running with Spring Boot v3.5.6, Spring v6.2.11
2025-10-12 15:08:50 - INFO  - c.e.H.controller.UserControllerTest - No active profile set, falling back to 1 default profile: "default"
2025-10-12 15:08:52 - INFO  - o.s.b.t.m.w.SpringBootMockServletContext - Initializing Spring TestDispatcherServlet ''
2025-10-12 15:08:52 - INFO  - o.s.t.w.s.TestDispatcherServlet - Initializing Servlet ''
2025-10-12 15:08:52 - INFO  - o.s.t.w.s.TestDispatcherServlet - Completed initialization in 2 ms
2025-10-12 15:08:52 - INFO  - c.e.H.controller.UserControllerTest - Started UserControllerTest in 2.252 seconds (process running for 3.762)
2025-10-12 15:09:01 - INFO  - c.e.H.controller.UserController - Get /api/users/1
2025-10-12 15:09:47 - INFO  - c.e.H.controller.UserControllerTest - Starting UserControllerTest using Java 25 with PID 18216 (started by bodun in W:\Aston\Homework4)
2025-10-12 15:09:47 - DEBUG - c.e.H.controller.UserControllerTest - Running with Spring Boot v3.5.6, Spring v6.2.11
2025-10-12 15:09:47 - INFO  - c.e.H.controller.UserControllerTest - No active profile set, falling back to 1 default profile: "default"
2025-10-12 15:09:49 - INFO  - o.s.b.t.m.w.SpringBootMockServletContext - Initializing Spring TestDispatcherServlet ''
2025-10-12 15:09:49 - INFO  - o.s.t.w.s.TestDispatcherServlet - Initializing Servlet ''
2025-10-12 15:09:49 - INFO  - o.s.t.w.s.TestDispatcherServlet - Completed initialization in 1 ms
2025-10-12 15:09:49 - INFO  - c.e.H.controller.UserControllerTest - Started UserControllerTest in 1.75 seconds (process running for 2.714)
2025-10-12 15:09:49 - INFO  - c.e.H.controller.UserController - Get /api/users/1
2025-10-12 15:13:46 - INFO  - c.e.H.controller.UserControllerTest - Starting UserControllerTest using Java 25 with PID 15516 (started by bodun in W:\Aston\Homework4)
2025-10-12 15:13:46 - DEBUG - c.e.H.controller.UserControllerTest - Running with Spring Boot v3.5.6, Spring v6.2.11
2025-10-12 15:13:46 - INFO  - c.e.H.controller.UserControllerTest - No active profile set, falling back to 1 default profile: "default"
2025-10-12 15:13:48 - INFO  - o.s.b.t.m.w.SpringBootMockServletContext - Initializing Spring TestDispatcherServlet ''
2025-10-12 15:13:48 - INFO  - o.s.t.w.s.TestDispatcherServlet - Initializing Servlet ''
2025-10-12 15:13:48 - INFO  - o.s.t.w.s.TestDispatcherServlet - Completed initialization in 2 ms
2025-10-12 15:13:48 - INFO  - c.e.H.controller.UserControllerTest - Started UserControllerTest in 2.377 seconds (process running for 3.836)
2025-10-12 15:13:51 - INFO  - c.e.H.controller.UserController - Get /api/users/1
2025-10-12 15:14:22 - INFO  - c.e.H.controller.UserControllerTest - Starting UserControllerTest using Java 25 with PID 4272 (started by bodun in W:\Aston\Homework4)
2025-10-12 15:14:22 - DEBUG - c.e.H.controller.UserControllerTest - Running with Spring Boot v3.5.6, Spring v6.2.11
2025-10-12 15:14:22 - INFO  - c.e.H.controller.UserControllerTest - No active profile set, falling back to 1 default profile: "default"
2025-10-12 15:14:23 - INFO  - o.s.b.t.m.w.SpringBootMockServletContext - Initializing Spring TestDispatcherServlet ''
2025-10-12 15:14:23 - INFO  - o.s.t.w.s.TestDispatcherServlet - Initializing Servlet ''
2025-10-12 15:14:23 - INFO  - o.s.t.w.s.TestDispatcherServlet - Completed initialization in 2 ms
2025-10-12 15:14:23 - INFO  - c.e.H.controller.UserControllerTest - Started UserControllerTest in 1.951 seconds (process running for 3.062)
2025-10-12 15:14:24 - INFO  - c.e.H.controller.UserController - Get /api/users/1
2025-10-12 15:14:30 - INFO  - c.e.H.controller.UserControllerTest - Starting UserControllerTest using Java 25 with PID 12016 (started by bodun in W:\Aston\Homework4)
2025-10-12 15:14:30 - DEBUG - c.e.H.controller.UserControllerTest - Running with Spring Boot v3.5.6, Spring v6.2.11
2025-10-12 15:14:30 - INFO  - c.e.H.controller.UserControllerTest - No active profile set, falling back to 1 default profile: "default"
2025-10-12 15:14:32 - INFO  - o.s.b.t.m.w.SpringBootMockServletContext - Initializing Spring TestDispatcherServlet ''
2025-10-12 15:14:32 - INFO  - o.s.t.w.s.TestDispatcherServlet - Initializing Servlet ''
2025-10-12 15:14:32 - INFO  - o.s.t.w.s.TestDispatcherServlet - Completed initialization in 3 ms
2025-10-12 15:14:32 - INFO  - c.e.H.controller.UserControllerTest - Started UserControllerTest in 2.382 seconds (process running for 3.854)
2025-10-12 15:20:39 - INFO  - c.e.H.controller.UserControllerTest - Starting UserControllerTest using Java 25 with PID 20308 (started by bodun in W:\Aston\Homework4)
2025-10-12 15:20:39 - DEBUG - c.e.H.controller.UserControllerTest - Running with Spring Boot v3.5.6, Spring v6.2.11
2025-10-12 15:20:39 - INFO  - c.e.H.controller.UserControllerTest - No active profile set, falling back to 1 default profile: "default"
2025-10-12 15:20:41 - INFO  - o.s.b.t.m.w.SpringBootMockServletContext - Initializing Spring TestDispatcherServlet ''
2025-10-12 15:20:41 - INFO  - o.s.t.w.s.TestDispatcherServlet - Initializing Servlet ''
2025-10-12 15:20:41 - INFO  - o.s.t.w.s.TestDispatcherServlet - Completed initialization in 2 ms
2025-10-12 15:20:41 - INFO  - c.e.H.controller.UserControllerTest - Started UserControllerTest in 2.127 seconds (process running for 3.385)
2025-10-12 15:22:50 - INFO  - c.e.H.controller.UserControllerTest - Starting UserControllerTest using Java 25 with PID 1804 (started by bodun in W:\Aston\Homework4)
2025-10-12 15:22:50 - DEBUG - c.e.H.controller.UserControllerTest - Running with Spring Boot v3.5.6, Spring v6.2.11
2025-10-12 15:22:50 - INFO  - c.e.H.controller.UserControllerTest - No active profile set, falling back to 1 default profile: "default"
2025-10-12 15:22:52 - INFO  - o.s.b.t.m.w.SpringBootMockServletContext - Initializing Spring TestDispatcherServlet ''
2025-10-12 15:22:52 - INFO  - o.s.t.w.s.TestDispatcherServlet - Initializing Servlet ''
2025-10-12 15:22:52 - INFO  - o.s.t.w.s.TestDispatcherServlet - Completed initialization in 2 ms
2025-10-12 15:22:52 - INFO  - c.e.H.controller.UserControllerTest - Started UserControllerTest in 2.065 seconds (process running for 3.257)
2025-10-12 15:22:54 - INFO  - c.e.H.controller.UserController - Get /api/users/1
2025-10-12 15:24:41 - INFO  - c.e.H.controller.UserControllerTest - Starting UserControllerTest using Java 25 with PID 12884 (started by bodun in W:\Aston\Homework4)
2025-10-12 15:24:41 - DEBUG - c.e.H.controller.UserControllerTest - Running with Spring Boot v3.5.6, Spring v6.2.11
2025-10-12 15:24:41 - INFO  - c.e.H.controller.UserControllerTest - No active profile set, falling back to 1 default profile: "default"
2025-10-12 15:24:42 - INFO  - o.s.b.t.m.w.SpringBootMockServletContext - Initializing Spring TestDispatcherServlet ''
2025-10-12 15:24:42 - INFO  - o.s.t.w.s.TestDispatcherServlet - Initializing Servlet ''
2025-10-12 15:24:42 - INFO  - o.s.t.w.s.TestDispatcherServlet - Completed initialization in 1 ms
2025-10-12 15:24:42 - INFO  - c.e.H.controller.UserControllerTest - Started UserControllerTest in 1.799 seconds (process running for 2.797)
2025-10-12 15:24:42 - INFO  - c.e.H.controller.UserController - Get /api/users/1
2025-10-12 15:32:32 - INFO  - c.e.H.controller.UserControllerTest - Starting UserControllerTest using Java 25 with PID 21336 (started by bodun in W:\Aston\Homework4)
2025-10-12 15:32:32 - DEBUG - c.e.H.controller.UserControllerTest - Running with Spring Boot v3.5.6, Spring v6.2.11
2025-10-12 15:32:32 - INFO  - c.e.H.controller.UserControllerTest - No active profile set, falling back to 1 default profile: "default"
2025-10-12 15:32:33 - INFO  - o.s.b.t.m.w.SpringBootMockServletContext - Initializing Spring TestDispatcherServlet ''
2025-10-12 15:32:33 - INFO  - o.s.t.w.s.TestDispatcherServlet - Initializing Servlet ''
2025-10-12 15:32:33 - INFO  - o.s.t.w.s.TestDispatcherServlet - Completed initialization in 1 ms
2025-10-12 15:32:33 - INFO  - c.e.H.controller.UserControllerTest - Started UserControllerTest in 1.828 seconds (process running for 2.826)
2025-10-12 15:32:33 - INFO  - c.e.H.controller.UserController - Get /api/users/1
2025-10-12 15:33:12 - INFO  - c.e.H.controller.UserControllerTest - Starting UserControllerTest using Java 25 with PID 11656 (started by bodun in W:\Aston\Homework4)
2025-10-12 15:33:12 - DEBUG - c.e.H.controller.UserControllerTest - Running with Spring Boot v3.5.6, Spring v6.2.11
2025-10-12 15:33:12 - INFO  - c.e.H.controller.UserControllerTest - No active profile set, falling back to 1 default profile: "default"
2025-10-12 15:33:14 - INFO  - o.s.b.t.m.w.SpringBootMockServletContext - Initializing Spring TestDispatcherServlet ''
2025-10-12 15:33:14 - INFO  - o.s.t.w.s.TestDispatcherServlet - Initializing Servlet ''
2025-10-12 15:33:14 - INFO  - o.s.t.w.s.TestDispatcherServlet - Completed initialization in 1 ms
2025-10-12 15:33:14 - INFO  - c.e.H.controller.UserControllerTest - Started UserControllerTest in 1.744 seconds (process running for 2.707)
2025-10-12 15:33:14 - INFO  - c.e.H.controller.UserController - Get /api/users/1
2025-10-12 15:35:42 - INFO  - c.e.H.controller.UserControllerTest - Starting UserControllerTest using Java 25 with PID 4528 (started by bodun in W:\Aston\Homework4)
2025-10-12 15:35:42 - DEBUG - c.e.H.controller.UserControllerTest - Running with Spring Boot v3.5.6, Spring v6.2.11
2025-10-12 15:35:42 - INFO  - c.e.H.controller.UserControllerTest - No active profile set, falling back to 1 default profile: "default"
2025-10-12 15:35:44 - INFO  - o.s.b.t.m.w.SpringBootMockServletContext - Initializing Spring TestDispatcherServlet ''
2025-10-12 15:35:44 - INFO  - o.s.t.w.s.TestDispatcherServlet - Initializing Servlet ''
2025-10-12 15:35:44 - INFO  - o.s.t.w.s.TestDispatcherServlet - Completed initialization in 1 ms
2025-10-12 15:35:44 - INFO  - c.e.H.controller.UserControllerTest - Started UserControllerTest in 1.782 seconds (process running for 2.739)
2025-10-12 15:35:44 - INFO  - c.e.H.controller.UserController - Get /api/users/1
2025-10-12 15:36:25 - INFO  - c.e.H.controller.UserControllerTest - Starting UserControllerTest using Java 25 with PID 16968 (started by bodun in W:\Aston\Homework4)
2025-10-12 15:36:25 - DEBUG - c.e.H.controller.UserControllerTest - Running with Spring Boot v3.5.6, Spring v6.2.11
2025-10-12 15:36:25 - INFO  - c.e.H.controller.UserControllerTest - No active profile set, falling back to 1 default profile: "default"
2025-10-12 15:36:26 - INFO  - o.s.b.t.m.w.SpringBootMockServletContext - Initializing Spring TestDispatcherServlet ''
2025-10-12 15:36:26 - INFO  - o.s.t.w.s.TestDispatcherServlet - Initializing Servlet ''
2025-10-12 15:36:26 - INFO  - o.s.t.w.s.TestDispatcherServlet - Completed initialization in 1 ms
2025-10-12 15:36:26 - INFO  - c.e.H.controller.UserControllerTest - Started UserControllerTest in 1.782 seconds (process running for 2.771)
2025-10-12 15:36:27 - INFO  - c.e.H.controller.UserController - Get /api/users/1
2025-10-12 15:37:30 - INFO  - c.e.H.controller.UserControllerTest - Starting UserControllerTest using Java 25 with PID 22316 (started by bodun in W:\Aston\Homework4)
2025-10-12 15:37:30 - DEBUG - c.e.H.controller.UserControllerTest - Running with Spring Boot v3.5.6, Spring v6.2.11
2025-10-12 15:37:30 - INFO  - c.e.H.controller.UserControllerTest - No active profile set, falling back to 1 default profile: "default"
2025-10-12 15:37:31 - INFO  - o.s.b.t.m.w.SpringBootMockServletContext - Initializing Spring TestDispatcherServlet ''
2025-10-12 15:37:31 - INFO  - o.s.t.w.s.TestDispatcherServlet - Initializing Servlet ''
2025-10-12 15:37:31 - INFO  - o.s.t.w.s.TestDispatcherServlet - Completed initialization in 0 ms
2025-10-12 15:37:31 - INFO  - c.e.H.controller.UserControllerTest - Started UserControllerTest in 1.794 seconds (process running for 2.815)
2025-10-12 15:37:31 - INFO  - c.e.H.controller.UserController - Get /api/users/1
2025-10-12 15:38:30 - INFO  - c.e.H.controller.UserControllerTest - Starting UserControllerTest using Java 25 with PID 16352 (started by bodun in W:\Aston\Homework4)
2025-10-12 15:38:30 - DEBUG - c.e.H.controller.UserControllerTest - Running with Spring Boot v3.5.6, Spring v6.2.11
2025-10-12 15:38:30 - INFO  - c.e.H.controller.UserControllerTest - No active profile set, falling back to 1 default profile: "default"
2025-10-12 15:38:31 - INFO  - o.s.b.t.m.w.SpringBootMockServletContext - Initializing Spring TestDispatcherServlet ''
2025-10-12 15:38:31 - INFO  - o.s.t.w.s.TestDispatcherServlet - Initializing Servlet ''
2025-10-12 15:38:31 - INFO  - o.s.t.w.s.TestDispatcherServlet - Completed initialization in 2 ms
2025-10-12 15:38:31 - INFO  - c.e.H.controller.UserControllerTest - Started UserControllerTest in 1.82 seconds (process running for 2.795)
2025-10-12 15:38:31 - INFO  - c.e.H.controller.UserController - Get /api/users/1
2025-10-12 15:44:49 - INFO  - c.e.H.controller.UserControllerTest - Starting UserControllerTest using Java 25 with PID 21820 (started by bodun in W:\Aston\Homework4)
2025-10-12 15:44:49 - DEBUG - c.e.H.controller.UserControllerTest - Running with Spring Boot v3.5.6, Spring v6.2.11
2025-10-12 15:44:49 - INFO  - c.e.H.controller.UserControllerTest - No active profile set, falling back to 1 default profile: "default"
2025-10-12 15:44:50 - INFO  - o.s.b.t.m.w.SpringBootMockServletContext - Initializing Spring TestDispatcherServlet ''
2025-10-12 15:44:50 - INFO  - o.s.t.w.s.TestDispatcherServlet - Initializing Servlet ''
2025-10-12 15:44:50 - INFO  - o.s.t.w.s.TestDispatcherServlet - Completed initialization in 1 ms
2025-10-12 15:44:50 - INFO  - c.e.H.controller.UserControllerTest - Started UserControllerTest in 1.826 seconds (process running for 2.806)
2025-10-12 15:44:50 - INFO  - c.e.H.controller.UserController - GET all users
2025-10-12 15:44:59 - INFO  - c.e.H.Homework4ApplicationTests - Starting Homework4ApplicationTests using Java 25 with PID 17208 (started by bodun in W:\Aston\Homework4)
2025-10-12 15:44:59 - DEBUG - c.e.H.Homework4ApplicationTests - Running with Spring Boot v3.5.6, Spring v6.2.11
2025-10-12 15:44:59 - INFO  - c.e.H.Homework4ApplicationTests - No active profile set, falling back to 1 default profile: "default"
2025-10-12 15:45:00 - INFO  - o.s.d.r.c.RepositoryConfigurationDelegate - Bootstrapping Spring Data JPA repositories in DEFAULT mode.
2025-10-12 15:45:00 - INFO  - o.s.d.r.c.RepositoryConfigurationDelegate - Finished Spring Data repository scanning in 64 ms. Found 1 JPA repository interface.
2025-10-12 15:45:01 - INFO  - o.s.o.j.p.SpringPersistenceUnitInfo - No LoadTimeWeaver setup: ignoring JPA class transformer
2025-10-12 15:45:01 - INFO  - com.zaxxer.hikari.HikariDataSource - HikariPool-1 - Starting...
2025-10-12 15:45:02 - INFO  - com.zaxxer.hikari.pool.HikariPool - HikariPool-1 - Added connection org.postgresql.jdbc.PgConnection@39cbf2bc
2025-10-12 15:45:02 - INFO  - com.zaxxer.hikari.HikariDataSource - HikariPool-1 - Start completed.
2025-10-12 15:45:03 - INFO  - o.s.o.j.LocalContainerEntityManagerFactoryBean - Initialized JPA EntityManagerFactory for persistence unit 'default'
2025-10-12 15:45:04 - INFO  - c.e.H.Homework4ApplicationTests - Started Homework4ApplicationTests in 5.761 seconds (process running for 7.684)
2025-10-12 15:45:05 - INFO  - o.s.t.c.s.AnnotationConfigContextLoaderUtils - Could not detect default configuration classes for test class [com.example.Homework4.controller.UserControllerTest]: UserControllerTest does not declare any static, non-private, non-final, nested classes annotated with @Configuration.
2025-10-12 15:45:05 - INFO  - o.s.b.t.c.SpringBootTestContextBootstrapper - Found @SpringBootConfiguration com.example.Homework4.Homework4Application for test class com.example.Homework4.controller.UserControllerTest
2025-10-12 15:45:05 - INFO  - c.e.H.controller.UserControllerTest - Starting UserControllerTest using Java 25 with PID 17208 (started by bodun in W:\Aston\Homework4)
2025-10-12 15:45:05 - DEBUG - c.e.H.controller.UserControllerTest - Running with Spring Boot v3.5.6, Spring v6.2.11
2025-10-12 15:45:05 - INFO  - c.e.H.controller.UserControllerTest - No active profile set, falling back to 1 default profile: "default"
2025-10-12 15:45:05 - INFO  - o.s.b.t.m.w.SpringBootMockServletContext - Initializing Spring TestDispatcherServlet ''
2025-10-12 15:45:05 - INFO  - o.s.t.w.s.TestDispatcherServlet - Initializing Servlet ''
2025-10-12 15:45:05 - INFO  - o.s.t.w.s.TestDispatcherServlet - Completed initialization in 0 ms
2025-10-12 15:45:05 - INFO  - c.e.H.controller.UserControllerTest - Started UserControllerTest in 0.477 seconds (process running for 8.57)
2025-10-12 15:45:05 - INFO  - c.e.H.controller.UserController - GET all users
2025-10-12 15:45:06 - INFO  - c.e.H.controller.UserController - Get /api/users/1
2025-10-12 15:45:06 - INFO  - o.s.o.j.LocalContainerEntityManagerFactoryBean - Closing JPA EntityManagerFactory for persistence unit 'default'
2025-10-12 15:45:06 - INFO  - com.zaxxer.hikari.HikariDataSource - HikariPool-1 - Shutdown initiated...
2025-10-12 15:45:06 - INFO  - com.zaxxer.hikari.HikariDataSource - HikariPool-1 - Shutdown completed.
2025-10-12 15:46:16 - INFO  - c.e.H.Homework4ApplicationTests - Starting Homework4ApplicationTests using Java 25 with PID 21968 (started by bodun in W:\Aston\Homework4)
2025-10-12 15:46:16 - DEBUG - c.e.H.Homework4ApplicationTests - Running with Spring Boot v3.5.6, Spring v6.2.11
2025-10-12 15:46:16 - INFO  - c.e.H.Homework4ApplicationTests - No active profile set, falling back to 1 default profile: "default"
2025-10-12 15:46:17 - INFO  - o.s.d.r.c.RepositoryConfigurationDelegate - Bootstrapping Spring Data JPA repositories in DEFAULT mode.
2025-10-12 15:46:17 - INFO  - o.s.d.r.c.RepositoryConfigurationDelegate - Finished Spring Data repository scanning in 42 ms. Found 1 JPA repository interface.
2025-10-12 15:46:18 - INFO  - o.s.o.j.p.SpringPersistenceUnitInfo - No LoadTimeWeaver setup: ignoring JPA class transformer
2025-10-12 15:46:18 - INFO  - com.zaxxer.hikari.HikariDataSource - HikariPool-1 - Starting...
2025-10-12 15:46:18 - INFO  - com.zaxxer.hikari.pool.HikariPool - HikariPool-1 - Added connection org.postgresql.jdbc.PgConnection@20820df0
2025-10-12 15:46:18 - INFO  - com.zaxxer.hikari.HikariDataSource - HikariPool-1 - Start completed.
2025-10-12 15:46:19 - INFO  - o.s.o.j.LocalContainerEntityManagerFactoryBean - Initialized JPA EntityManagerFactory for persistence unit 'default'
2025-10-12 15:46:20 - INFO  - c.e.H.Homework4ApplicationTests - Started Homework4ApplicationTests in 3.431 seconds (process running for 4.549)
2025-10-12 15:46:20 - INFO  - o.s.t.c.s.AnnotationConfigContextLoaderUtils - Could not detect default configuration classes for test class [com.example.Homework4.controller.UserControllerTest]: UserControllerTest does not declare any static, non-private, non-final, nested classes annotated with @Configuration.
2025-10-12 15:46:20 - INFO  - o.s.b.t.c.SpringBootTestContextBootstrapper - Found @SpringBootConfiguration com.example.Homework4.Homework4Application for test class com.example.Homework4.controller.UserControllerTest
2025-10-12 15:46:20 - INFO  - c.e.H.controller.UserControllerTest - Starting UserControllerTest using Java 25 with PID 21968 (started by bodun in W:\Aston\Homework4)
2025-10-12 15:46:20 - DEBUG - c.e.H.controller.UserControllerTest - Running with Spring Boot v3.5.6, Spring v6.2.11
2025-10-12 15:46:20 - INFO  - c.e.H.controller.UserControllerTest - No active profile set, falling back to 1 default profile: "default"
2025-10-12 15:46:20 - INFO  - o.s.b.t.m.w.SpringBootMockServletContext - Initializing Spring TestDispatcherServlet ''
2025-10-12 15:46:20 - INFO  - o.s.t.w.s.TestDispatcherServlet - Initializing Servlet ''
2025-10-12 15:46:20 - INFO  - o.s.t.w.s.TestDispatcherServlet - Completed initialization in 0 ms
2025-10-12 15:46:20 - INFO  - c.e.H.controller.UserControllerTest - Started UserControllerTest in 0.375 seconds (process running for 5.322)
2025-10-12 15:46:20 - INFO  - c.e.H.controller.UserController - GET all users
2025-10-12 15:46:20 - INFO  - c.e.H.controller.UserController - Get /api/users/1
2025-10-12 15:46:20 - INFO  - o.s.o.j.LocalContainerEntityManagerFactoryBean - Closing JPA EntityManagerFactory for persistence unit 'default'
2025-10-12 15:46:20 - INFO  - com.zaxxer.hikari.HikariDataSource - HikariPool-1 - Shutdown initiated...
2025-10-12 15:46:20 - INFO  - com.zaxxer.hikari.HikariDataSource - HikariPool-1 - Shutdown completed.
2025-10-12 15:50:37 - INFO  - c.e.Homework4.Homework4Application - Starting Homework4Application using Java 25 with PID 18996 (W:\Aston\Homework4\target\classes started by bodun in W:\Aston\Homework4)
2025-10-12 15:50:37 - DEBUG - c.e.Homework4.Homework4Application - Running with Spring Boot v3.5.6, Spring v6.2.11
2025-10-12 15:50:37 - INFO  - c.e.Homework4.Homework4Application - No active profile set, falling back to 1 default profile: "default"
2025-10-12 15:50:38 - INFO  - o.s.d.r.c.RepositoryConfigurationDelegate - Bootstrapping Spring Data JPA repositories in DEFAULT mode.
2025-10-12 15:50:38 - INFO  - o.s.d.r.c.RepositoryConfigurationDelegate - Finished Spring Data repository scanning in 47 ms. Found 1 JPA repository interface.
2025-10-12 15:50:38 - INFO  - o.s.b.w.e.tomcat.TomcatWebServer - Tomcat initialized with port 8081 (http)
2025-10-12 15:50:38 - INFO  - o.a.catalina.core.StandardService - Starting service [Tomcat]
2025-10-12 15:50:38 - INFO  - o.a.catalina.core.StandardEngine - Starting Servlet engine: [Apache Tomcat/10.1.46]
2025-10-12 15:50:38 - INFO  - o.a.c.c.C.[Tomcat].[localhost].[/] - Initializing Spring embedded WebApplicationContext
2025-10-12 15:50:38 - INFO  - o.s.b.w.s.c.ServletWebServerApplicationContext - Root WebApplicationContext: initialization completed in 1400 ms
2025-10-12 15:50:39 - INFO  - o.s.o.j.p.SpringPersistenceUnitInfo - No LoadTimeWeaver setup: ignoring JPA class transformer
2025-10-12 15:50:39 - INFO  - com.zaxxer.hikari.HikariDataSource - HikariPool-1 - Starting...
2025-10-12 15:50:39 - INFO  - com.zaxxer.hikari.pool.HikariPool - HikariPool-1 - Added connection org.postgresql.jdbc.PgConnection@6bd92538
2025-10-12 15:50:39 - INFO  - com.zaxxer.hikari.HikariDataSource - HikariPool-1 - Start completed.
2025-10-12 15:50:40 - INFO  - o.s.o.j.LocalContainerEntityManagerFactoryBean - Initialized JPA EntityManagerFactory for persistence unit 'default'
2025-10-12 15:50:41 - INFO  - o.s.b.w.e.tomcat.TomcatWebServer - Tomcat started on port 8081 (http) with context path '/'
2025-10-12 15:50:41 - INFO  - c.e.Homework4.Homework4Application - Started Homework4Application in 4.521 seconds (process running for 4.98)
2025-10-12 15:54:16 - INFO  - o.a.c.c.C.[Tomcat].[localhost].[/] - Initializing Spring DispatcherServlet 'dispatcherServlet'
2025-10-12 15:54:16 - INFO  - o.s.web.servlet.DispatcherServlet - Initializing Servlet 'dispatcherServlet'
2025-10-12 15:54:16 - INFO  - o.s.web.servlet.DispatcherServlet - Completed initialization in 1 ms
2025-10-12 15:54:16 - WARN  - o.s.w.s.m.s.DefaultHandlerExceptionResolver - Resolved [org.springframework.http.converter.HttpMessageNotReadableException: JSON parse error: Unexpected character ('"' (code 34)): was expecting comma to separate Object entries]
2025-10-12 15:54:46 - WARN  - o.s.w.s.m.s.DefaultHandlerExceptionResolver - Resolved [org.springframework.http.converter.HttpMessageNotReadableException: JSON parse error: Unexpected character ('"' (code 34)): was expecting comma to separate Object entries]
2025-10-12 15:55:13 - DEBUG - org.hibernate.SQL - 
    insert 
    into
        users
        (age, created_at, email, name) 
    values
        (?, ?, ?, ?)
2025-10-12 15:55:13 - WARN  - o.h.e.jdbc.spi.SqlExceptionHelper - SQL Error: 0, SQLState: 23502
2025-10-12 15:55:13 - ERROR - o.h.e.jdbc.spi.SqlExceptionHelper - ОШИБКА: значение NULL в столбце "name" отношения "users" нарушает ограничение NOT NULL
  Подробности: Ошибочная строка содержит (3, 20, 2025-10-12 15:55:13.883981, 123456789@mail.ru, null).
2025-10-12 15:55:13 - ERROR - c.e.H.controller.UserController - user creation error, name = null
2025-10-12 15:55:49 - DEBUG - org.hibernate.SQL - 
    insert 
    into
        users
        (age, created_at, email, name) 
    values
        (?, ?, ?, ?)
2025-10-12 15:55:49 - WARN  - o.h.e.jdbc.spi.SqlExceptionHelper - SQL Error: 0, SQLState: 23502
2025-10-12 15:55:49 - ERROR - o.h.e.jdbc.spi.SqlExceptionHelper - ОШИБКА: значение NULL в столбце "name" отношения "users" нарушает ограничение NOT NULL
  Подробности: Ошибочная строка содержит (4, 20, 2025-10-12 15:55:49.802866, 123456789@mail.ru, null).
2025-10-12 15:55:49 - ERROR - c.e.H.controller.UserController - user creation error, name = null
2025-10-12 15:56:31 - INFO  - o.s.b.w.e.tomcat.GracefulShutdown - Commencing graceful shutdown. Waiting for active requests to complete
2025-10-12 15:56:31 - INFO  - o.s.b.w.e.tomcat.GracefulShutdown - Graceful shutdown complete
2025-10-12 15:56:31 - INFO  - o.s.o.j.LocalContainerEntityManagerFactoryBean - Closing JPA EntityManagerFactory for persistence unit 'default'
2025-10-12 15:56:31 - INFO  - com.zaxxer.hikari.HikariDataSource - HikariPool-1 - Shutdown initiated...
2025-10-12 15:56:31 - INFO  - com.zaxxer.hikari.HikariDataSource - HikariPool-1 - Shutdown completed.
2025-10-12 15:57:41 - INFO  - c.e.Homework4.Homework4Application - Starting Homework4Application using Java 25 with PID 3960 (W:\Aston\Homework4\target\classes started by bodun in W:\Aston\Homework4)
2025-10-12 15:57:41 - DEBUG - c.e.Homework4.Homework4Application - Running with Spring Boot v3.5.6, Spring v6.2.11
2025-10-12 15:57:41 - INFO  - c.e.Homework4.Homework4Application - No active profile set, falling back to 1 default profile: "default"
2025-10-12 15:57:41 - INFO  - o.s.d.r.c.RepositoryConfigurationDelegate - Bootstrapping Spring Data JPA repositories in DEFAULT mode.
2025-10-12 15:57:41 - INFO  - o.s.d.r.c.RepositoryConfigurationDelegate - Finished Spring Data repository scanning in 40 ms. Found 1 JPA repository interface.
2025-10-12 15:57:42 - INFO  - o.s.b.w.e.tomcat.TomcatWebServer - Tomcat initialized with port 8081 (http)
2025-10-12 15:57:42 - INFO  - o.a.catalina.core.StandardService - Starting service [Tomcat]
2025-10-12 15:57:42 - INFO  - o.a.catalina.core.StandardEngine - Starting Servlet engine: [Apache Tomcat/10.1.46]
2025-10-12 15:57:42 - INFO  - o.a.c.c.C.[Tomcat].[localhost].[/] - Initializing Spring embedded WebApplicationContext
2025-10-12 15:57:42 - INFO  - o.s.b.w.s.c.ServletWebServerApplicationContext - Root WebApplicationContext: initialization completed in 1098 ms
2025-10-12 15:57:42 - INFO  - o.s.o.j.p.SpringPersistenceUnitInfo - No LoadTimeWeaver setup: ignoring JPA class transformer
2025-10-12 15:57:42 - INFO  - com.zaxxer.hikari.HikariDataSource - HikariPool-1 - Starting...
2025-10-12 15:57:43 - INFO  - com.zaxxer.hikari.pool.HikariPool - HikariPool-1 - Added connection org.postgresql.jdbc.PgConnection@4044589a
2025-10-12 15:57:43 - INFO  - com.zaxxer.hikari.HikariDataSource - HikariPool-1 - Start completed.
2025-10-12 15:57:43 - INFO  - o.s.o.j.LocalContainerEntityManagerFactoryBean - Initialized JPA EntityManagerFactory for persistence unit 'default'
2025-10-12 15:57:44 - INFO  - o.s.b.w.e.tomcat.TomcatWebServer - Tomcat started on port 8081 (http) with context path '/'
2025-10-12 15:57:44 - INFO  - c.e.Homework4.Homework4Application - Started Homework4Application in 3.759 seconds (process running for 4.095)
2025-10-12 15:57:57 - INFO  - o.a.c.c.C.[Tomcat].[localhost].[/] - Initializing Spring DispatcherServlet 'dispatcherServlet'
2025-10-12 15:57:57 - INFO  - o.s.web.servlet.DispatcherServlet - Initializing Servlet 'dispatcherServlet'
2025-10-12 15:57:57 - INFO  - o.s.web.servlet.DispatcherServlet - Completed initialization in 1 ms
2025-10-12 15:57:57 - DEBUG - org.hibernate.SQL - 
    insert 
    into
        users
        (age, created_at, email, name) 
    values
        (?, ?, ?, ?)
2025-10-12 15:58:15 - INFO  - o.s.b.w.e.tomcat.GracefulShutdown - Commencing graceful shutdown. Waiting for active requests to complete
2025-10-12 15:58:15 - INFO  - o.s.b.w.e.tomcat.GracefulShutdown - Graceful shutdown complete
2025-10-12 15:58:15 - INFO  - o.s.o.j.LocalContainerEntityManagerFactoryBean - Closing JPA EntityManagerFactory for persistence unit 'default'
2025-10-12 15:58:15 - INFO  - com.zaxxer.hikari.HikariDataSource - HikariPool-1 - Shutdown initiated...
2025-10-12 15:58:15 - INFO  - com.zaxxer.hikari.HikariDataSource - HikariPool-1 - Shutdown completed.
2025-10-12 15:58:18 - INFO  - c.e.Homework4.Homework4Application - Starting Homework4Application using Java 25 with PID 1716 (W:\Aston\Homework4\target\classes started by bodun in W:\Aston\Homework4)
2025-10-12 15:58:18 - DEBUG - c.e.Homework4.Homework4Application - Running with Spring Boot v3.5.6, Spring v6.2.11
2025-10-12 15:58:18 - INFO  - c.e.Homework4.Homework4Application - No active profile set, falling back to 1 default profile: "default"
2025-10-12 15:58:18 - INFO  - o.s.d.r.c.RepositoryConfigurationDelegate - Bootstrapping Spring Data JPA repositories in DEFAULT mode.
2025-10-12 15:58:18 - INFO  - o.s.d.r.c.RepositoryConfigurationDelegate - Finished Spring Data repository scanning in 39 ms. Found 1 JPA repository interface.
2025-10-12 15:58:19 - INFO  - o.s.b.w.e.tomcat.TomcatWebServer - Tomcat initialized with port 8081 (http)
2025-10-12 15:58:19 - INFO  - o.a.catalina.core.StandardService - Starting service [Tomcat]
2025-10-12 15:58:19 - INFO  - o.a.catalina.core.StandardEngine - Starting Servlet engine: [Apache Tomcat/10.1.46]
2025-10-12 15:58:19 - INFO  - o.a.c.c.C.[Tomcat].[localhost].[/] - Initializing Spring embedded WebApplicationContext
2025-10-12 15:58:19 - INFO  - o.s.b.w.s.c.ServletWebServerApplicationContext - Root WebApplicationContext: initialization completed in 1095 ms
2025-10-12 15:58:19 - INFO  - o.s.o.j.p.SpringPersistenceUnitInfo - No LoadTimeWeaver setup: ignoring JPA class transformer
2025-10-12 15:58:19 - INFO  - com.zaxxer.hikari.HikariDataSource - HikariPool-1 - Starting...
2025-10-12 15:58:19 - INFO  - com.zaxxer.hikari.pool.HikariPool - HikariPool-1 - Added connection org.postgresql.jdbc.PgConnection@36ad5f2a
2025-10-12 15:58:19 - INFO  - com.zaxxer.hikari.HikariDataSource - HikariPool-1 - Start completed.
2025-10-12 15:58:20 - INFO  - o.s.o.j.LocalContainerEntityManagerFactoryBean - Initialized JPA EntityManagerFactory for persistence unit 'default'
2025-10-12 15:58:21 - INFO  - o.s.b.w.e.tomcat.TomcatWebServer - Tomcat started on port 8081 (http) with context path '/'
2025-10-12 15:58:21 - INFO  - c.e.Homework4.Homework4Application - Started Homework4Application in 3.576 seconds (process running for 3.906)
2025-10-12 15:58:55 - INFO  - o.a.c.c.C.[Tomcat].[localhost].[/] - Initializing Spring DispatcherServlet 'dispatcherServlet'
2025-10-12 15:58:55 - INFO  - o.s.web.servlet.DispatcherServlet - Initializing Servlet 'dispatcherServlet'
2025-10-12 15:58:55 - INFO  - o.s.web.servlet.DispatcherServlet - Completed initialization in 1 ms
2025-10-12 15:58:55 - DEBUG - org.hibernate.SQL - 
    insert 
    into
        users
        (age, created_at, email, name) 
    values
        (?, ?, ?, ?)
2025-10-12 15:59:50 - INFO  - c.e.H.controller.UserController - PUT /api/users/6
2025-10-12 15:59:50 - DEBUG - org.hibernate.SQL - 
    select
        u1_0.id,
        u1_0.age,
        u1_0.created_at,
        u1_0.email,
        u1_0.name 
    from
        users u1_0 
    where
        u1_0.id=?
2025-10-12 15:59:50 - DEBUG - org.hibernate.SQL - 
    update
        users 
    set
        age=?,
        created_at=?,
        email=?,
        name=? 
    where
        id=?
2025-10-12 16:00:08 - INFO  - c.e.H.controller.UserController - DELETE /api/users/5
2025-10-12 16:00:08 - DEBUG - org.hibernate.SQL - 
    select
        u1_0.id,
        u1_0.age,
        u1_0.created_at,
        u1_0.email,
        u1_0.name 
    from
        users u1_0 
    where
        u1_0.id=?
2025-10-12 16:00:08 - DEBUG - org.hibernate.SQL - 
    delete 
    from
        users 
    where
        id=?
2025-10-12 16:00:16 - INFO  - c.e.H.controller.UserController - DELETE all users
2025-10-12 16:00:16 - DEBUG - org.hibernate.SQL - 
    select
        u1_0.id,
        u1_0.age,
        u1_0.created_at,
        u1_0.email,
        u1_0.name 
    from
        users u1_0
2025-10-12 16:00:16 - DEBUG - org.hibernate.SQL - 
    delete 
    from
        users 
    where
        id=?
2025-10-12 16:00:34 - INFO  - o.s.b.w.e.tomcat.GracefulShutdown - Commencing graceful shutdown. Waiting for active requests to complete
2025-10-12 16:00:34 - INFO  - o.s.b.w.e.tomcat.GracefulShutdown - Graceful shutdown complete
2025-10-12 16:00:34 - INFO  - o.s.o.j.LocalContainerEntityManagerFactoryBean - Closing JPA EntityManagerFactory for persistence unit 'default'
2025-10-12 16:00:34 - INFO  - com.zaxxer.hikari.HikariDataSource - HikariPool-1 - Shutdown initiated...
2025-10-12 16:00:34 - INFO  - com.zaxxer.hikari.HikariDataSource - HikariPool-1 - Shutdown completed.
